{
  "stats": {
    "suites": 1,
    "tests": 1,
    "passes": 0,
    "pending": 2,
    "failures": -1,
    "start": "2024-08-30T06:23:40.060Z",
    "end": "2024-08-30T06:23:40.371Z",
    "duration": 311,
    "testsRegistered": 2,
    "passPercent": null,
    "pendingPercent": 100,
    "other": 1,
    "hasOther": true,
    "skipped": 0,
    "hasSkipped": false
  },
  "results": [
    {
      "uuid": "0daa365e-a9b7-4873-b802-261201ecd621",
      "title": "",
      "fullFile": "cypress\\Integration\\Examples\\BDDCucumber\\ecommerce.feature",
      "file": "cypress\\Integration\\Examples\\BDDCucumber\\ecommerce.feature",
      "beforeHooks": [],
      "afterHooks": [],
      "tests": [],
      "suites": [
        {
          "uuid": "27398370-79a8-44c0-b8b2-a9839afee611",
          "title": "End to End Ecommerce valiadtion",
          "fullFile": "",
          "file": "",
          "beforeHooks": [],
          "afterHooks": [],
          "tests": [
            {
              "title": "Ecommerce product delivery",
              "fullTitle": "End to End Ecommerce valiadtion Ecommerce product delivery",
              "timedOut": null,
              "duration": 0,
              "state": "pending",
              "speed": null,
              "pass": false,
              "fail": false,
              "pending": true,
              "context": null,
              "code": "",
              "err": {},
              "uuid": "ad03f048-74ce-4357-a002-316542ee5d56",
              "parentUUID": "27398370-79a8-44c0-b8b2-a9839afee611",
              "isHook": false,
              "skipped": false
            },
            {
              "title": "Filling the form",
              "fullTitle": "End to End Ecommerce valiadtion Filling the form",
              "timedOut": null,
              "duration": 0,
              "state": "pending",
              "speed": null,
              "pass": false,
              "fail": false,
              "pending": true,
              "context": null,
              "code": "",
              "err": {},
              "uuid": "8ac52733-4d0e-45ef-b1f0-40e19df90ab3",
              "parentUUID": "27398370-79a8-44c0-b8b2-a9839afee611",
              "isHook": false,
              "skipped": false
            }
          ],
          "suites": [],
          "passes": [],
          "failures": [],
          "pending": [
            "ad03f048-74ce-4357-a002-316542ee5d56",
            "8ac52733-4d0e-45ef-b1f0-40e19df90ab3"
          ],
          "skipped": [],
          "duration": 0,
          "root": false,
          "rootEmpty": false,
          "_timeout": 2000
        }
      ],
      "passes": [],
      "failures": [],
      "pending": [],
      "skipped": [],
      "duration": 0,
      "root": true,
      "rootEmpty": true,
      "_timeout": 2000
    }
  ],
  "meta": {
    "mocha": {
      "version": "7.0.1"
    },
    "mochawesome": {
      "options": {
        "quiet": false,
        "reportFilename": "mochawesome",
        "saveHtml": false,
        "saveJson": true,
        "consoleReporter": "spec",
        "useInlineDiffs": false,
        "code": true
      },
      "version": "7.1.3"
    },
    "marge": {
      "options": {
        "overwrite": false,
        "html": false,
        "json": true,
        "reportDir": "cypress\\reports\\html\\.jsons"
      },
      "version": "6.2.0"
    }
  }
}